Release 14.2 Map P.28xd (nt64)
Xilinx Mapping Report File for Design 'Atom'

Design Information
------------------
Command Line   : map -intstyle ise -p xc6slx100-fgg676-2 -w -logic_opt off -ol
high -t 1 -xt 0 -register_duplication off -r 4 -global_opt off -mt off -ir off
-pr off -lc off -power off -o Atom_map.ncd Atom.ngd Atom.pcf 
Target Device  : xc6slx100
Target Package : fgg676
Target Speed   : -2
Mapper Version : spartan6 -- $Revision: 1.55 $
Mapped Date    : Thu Nov 26 21:58:23 2015

Design Summary
--------------
Number of errors:      0
Number of warnings:    0
Slice Logic Utilization:
  Number of Slice Registers:                     0 out of 126,576    0%
  Number of Slice LUTs:                          0 out of  63,288    0%

Slice Logic Distribution:
  Number of occupied Slices:                     0 out of  15,822    0%
  Nummber of MUXCYs used:                        0 out of  31,644    0%
  Number of LUT Flip Flop pairs used:            0

IO Utilization:
  Number of bonded IOBs:                        80 out of     480   16%
    Number of LOCed IOBs:                       80 out of      80  100%

Specific Feature Utilization:
  Number of RAMB16BWERs:                         0 out of     268    0%
  Number of RAMB8BWERs:                          0 out of     536    0%
  Number of BUFIO2/BUFIO2_2CLKs:                 0 out of      32    0%
  Number of BUFIO2FB/BUFIO2FB_2CLKs:             0 out of      32    0%
  Number of BUFG/BUFGMUXs:                       0 out of      16    0%
  Number of DCM/DCM_CLKGENs:                     0 out of      12    0%
  Number of ILOGIC2/ISERDES2s:                   0 out of     506    0%
  Number of IODELAY2/IODRP2/IODRP2_MCBs:         0 out of     506    0%
  Number of OLOGIC2/OSERDES2s:                   0 out of     506    0%
  Number of BSCANs:                              0 out of       4    0%
  Number of BUFHs:                               0 out of     384    0%
  Number of BUFPLLs:                             0 out of       8    0%
  Number of BUFPLL_MCBs:                         0 out of       4    0%
  Number of DSP48A1s:                            0 out of     180    0%
  Number of ICAPs:                               0 out of       1    0%
  Number of MCBs:                                0 out of       4    0%
  Number of PCILOGICSEs:                         0 out of       2    0%
  Number of PLL_ADVs:                            0 out of       6    0%
  Number of PMVs:                                0 out of       1    0%
  Number of STARTUPs:                            0 out of       1    0%
  Number of SUSPEND_SYNCs:                       0 out of       1    0%

Average Fanout of Non-Clock Nets:                0.32

Peak Memory Usage:  488 MB
Total REAL time to MAP completion:  9 secs 
Total CPU time to MAP completion:   9 secs 

Table of Contents
-----------------
Section 1 - Errors
Section 2 - Warnings
Section 3 - Informational
Section 4 - Removed Logic Summary
Section 5 - Removed Logic
Section 6 - IOB Properties
Section 7 - RPMs
Section 8 - Guide Report
Section 9 - Area Group and Partition Summary
Section 10 - Timing Report
Section 11 - Configuration String Information
Section 12 - Control Set Information
Section 13 - Utilization by Hierarchy

Section 1 - Errors
------------------

Section 2 - Warnings
--------------------

Section 3 - Informational
-------------------------
INFO:LIT:243 - Logical network FPGA_Key<3>_IBUF has no load.
INFO:LIT:395 - The above info message is repeated 33 more times for the
   following (max. 5 shown):
   FPGA_Key<2>_IBUF,
   FPGA_Key<1>_IBUF,
   FPGA_Key<0>_IBUF,
   SW_DIP<31>_IBUF,
   SW_DIP<30>_IBUF
   To see the details of these info messages, please use the -detail switch.
INFO:MapLib:562 - No environment variables are currently set.
INFO:LIT:244 - All of the single ended outputs in this design are using slew
   rate limited output drivers. The delay on speed critical single ended outputs
   can be dramatically reduced by designating them as fast outputs.
INFO:Pack:1716 - Initializing temperature to 85.000 Celsius. (default - Range:
   0.000 to 85.000 Celsius)
INFO:Pack:1720 - Initializing voltage to 1.140 Volts. (default - Range: 1.140 to
   1.260 Volts)
INFO:Map:215 - The Interim Design Summary has been generated in the MAP Report
   (.mrp).
INFO:Pack:1650 - Map created a placed design.

Section 4 - Removed Logic Summary
---------------------------------
   2 block(s) optimized away

Section 5 - Removed Logic
-------------------------

Optimized Block(s):
TYPE 		BLOCK
GND 		XST_GND
VCC 		XST_VCC

Section 6 - IOB Properties
--------------------------

+---------------------------------------------------------------------------------------------------------------------------------------------------------+
| IOB Name                           | Type             | Direction | IO Standard          | Diff  | Drive    | Slew | Reg (s)      | Resistor | IOB      |
|                                    |                  |           |                      | Term  | Strength | Rate |              |          | Delay    |
+---------------------------------------------------------------------------------------------------------------------------------------------------------+
| CLK11M00592                        | IOB              | INPUT     | LVCMOS25             |       |          |      |              |          |          |
| CLK50M                             | IOB              | INPUT     | LVCMOS25             |       |          |      |              |          |          |
| CLK_From_Key                       | IOB              | INPUT     | LVCMOS25             |       |          |      |              |          |          |
| DYP0<0>                            | IOB              | OUTPUT    | LVCMOS25             |       | 12       | SLOW |              |          |          |
| DYP0<1>                            | IOB              | OUTPUT    | LVCMOS25             |       | 12       | SLOW |              |          |          |
| DYP0<2>                            | IOB              | OUTPUT    | LVCMOS25             |       | 12       | SLOW |              |          |          |
| DYP0<3>                            | IOB              | OUTPUT    | LVCMOS25             |       | 12       | SLOW |              |          |          |
| DYP0<4>                            | IOB              | OUTPUT    | LVCMOS25             |       | 12       | SLOW |              |          |          |
| DYP0<5>                            | IOB              | OUTPUT    | LVCMOS25             |       | 12       | SLOW |              |          |          |
| DYP0<6>                            | IOB              | OUTPUT    | LVCMOS25             |       | 12       | SLOW |              |          |          |
| DYP1<0>                            | IOB              | OUTPUT    | LVCMOS25             |       | 12       | SLOW |              |          |          |
| DYP1<1>                            | IOB              | OUTPUT    | LVCMOS25             |       | 12       | SLOW |              |          |          |
| DYP1<2>                            | IOB              | OUTPUT    | LVCMOS25             |       | 12       | SLOW |              |          |          |
| DYP1<3>                            | IOB              | OUTPUT    | LVCMOS25             |       | 12       | SLOW |              |          |          |
| DYP1<4>                            | IOB              | OUTPUT    | LVCMOS25             |       | 12       | SLOW |              |          |          |
| DYP1<5>                            | IOB              | OUTPUT    | LVCMOS25             |       | 12       | SLOW |              |          |          |
| DYP1<6>                            | IOB              | OUTPUT    | LVCMOS25             |       | 12       | SLOW |              |          |          |
| FPGA_Key<0>                        | IOB              | INPUT     | LVCMOS25             |       |          |      |              |          |          |
| FPGA_Key<1>                        | IOB              | INPUT     | LVCMOS25             |       |          |      |              |          |          |
| FPGA_Key<2>                        | IOB              | INPUT     | LVCMOS25             |       |          |      |              |          |          |
| FPGA_Key<3>                        | IOB              | INPUT     | LVCMOS25             |       |          |      |              |          |          |
| FPGA_LED<0>                        | IOB              | OUTPUT    | LVCMOS25             |       | 12       | SLOW |              |          |          |
| FPGA_LED<1>                        | IOB              | OUTPUT    | LVCMOS25             |       | 12       | SLOW |              |          |          |
| FPGA_LED<2>                        | IOB              | OUTPUT    | LVCMOS25             |       | 12       | SLOW |              |          |          |
| FPGA_LED<3>                        | IOB              | OUTPUT    | LVCMOS25             |       | 12       | SLOW |              |          |          |
| FPGA_LED<4>                        | IOB              | OUTPUT    | LVCMOS25             |       | 12       | SLOW |              |          |          |
| FPGA_LED<5>                        | IOB              | OUTPUT    | LVCMOS25             |       | 12       | SLOW |              |          |          |
| FPGA_LED<6>                        | IOB              | OUTPUT    | LVCMOS25             |       | 12       | SLOW |              |          |          |
| FPGA_LED<7>                        | IOB              | OUTPUT    | LVCMOS25             |       | 12       | SLOW |              |          |          |
| FPGA_LED<8>                        | IOB              | OUTPUT    | LVCMOS25             |       | 12       | SLOW |              |          |          |
| FPGA_LED<9>                        | IOB              | OUTPUT    | LVCMOS25             |       | 12       | SLOW |              |          |          |
| FPGA_LED<10>                       | IOB              | OUTPUT    | LVCMOS25             |       | 12       | SLOW |              |          |          |
| FPGA_LED<11>                       | IOB              | OUTPUT    | LVCMOS25             |       | 12       | SLOW |              |          |          |
| FPGA_LED<12>                       | IOB              | OUTPUT    | LVCMOS25             |       | 12       | SLOW |              |          |          |
| FPGA_LED<13>                       | IOB              | OUTPUT    | LVCMOS25             |       | 12       | SLOW |              |          |          |
| FPGA_LED<14>                       | IOB              | OUTPUT    | LVCMOS25             |       | 12       | SLOW |              |          |          |
| FPGA_LED<15>                       | IOB              | OUTPUT    | LVCMOS25             |       | 12       | SLOW |              |          |          |
| InterConn<0>                       | IOB              | INPUT     | LVCMOS25             |       |          |      |              |          |          |
| InterConn<1>                       | IOB              | INPUT     | LVCMOS25             |       |          |      |              |          |          |
| InterConn<2>                       | IOB              | INPUT     | LVCMOS25             |       |          |      |              |          |          |
| InterConn<3>                       | IOB              | INPUT     | LVCMOS25             |       |          |      |              |          |          |
| InterConn<4>                       | IOB              | INPUT     | LVCMOS25             |       |          |      |              |          |          |
| InterConn<5>                       | IOB              | INPUT     | LVCMOS25             |       |          |      |              |          |          |
| InterConn<6>                       | IOB              | INPUT     | LVCMOS25             |       |          |      |              |          |          |
| InterConn<7>                       | IOB              | INPUT     | LVCMOS25             |       |          |      |              |          |          |
| InterConn<8>                       | IOB              | INPUT     | LVCMOS25             |       |          |      |              |          |          |
| InterConn<9>                       | IOB              | INPUT     | LVCMOS25             |       |          |      |              |          |          |
| Reset                              | IOB              | INPUT     | LVCMOS25             |       |          |      |              |          |          |
| SW_DIP<0>                          | IOB              | INPUT     | LVCMOS25             |       |          |      |              |          |          |
| SW_DIP<1>                          | IOB              | INPUT     | LVCMOS25             |       |          |      |              |          |          |
| SW_DIP<2>                          | IOB              | INPUT     | LVCMOS25             |       |          |      |              |          |          |
| SW_DIP<3>                          | IOB              | INPUT     | LVCMOS25             |       |          |      |              |          |          |
| SW_DIP<4>                          | IOB              | INPUT     | LVCMOS25             |       |          |      |              |          |          |
| SW_DIP<5>                          | IOB              | INPUT     | LVCMOS25             |       |          |      |              |          |          |
| SW_DIP<6>                          | IOB              | INPUT     | LVCMOS25             |       |          |      |              |          |          |
| SW_DIP<7>                          | IOB              | INPUT     | LVCMOS25             |       |          |      |              |          |          |
| SW_DIP<8>                          | IOB              | INPUT     | LVCMOS25             |       |          |      |              |          |          |
| SW_DIP<9>                          | IOB              | INPUT     | LVCMOS25             |       |          |      |              |          |          |
| SW_DIP<10>                         | IOB              | INPUT     | LVCMOS25             |       |          |      |              |          |          |
| SW_DIP<11>                         | IOB              | INPUT     | LVCMOS25             |       |          |      |              |          |          |
| SW_DIP<12>                         | IOB              | INPUT     | LVCMOS25             |       |          |      |              |          |          |
| SW_DIP<13>                         | IOB              | INPUT     | LVCMOS25             |       |          |      |              |          |          |
| SW_DIP<14>                         | IOB              | INPUT     | LVCMOS25             |       |          |      |              |          |          |
| SW_DIP<15>                         | IOB              | INPUT     | LVCMOS25             |       |          |      |              |          |          |
| SW_DIP<16>                         | IOB              | INPUT     | LVCMOS25             |       |          |      |              |          |          |
| SW_DIP<17>                         | IOB              | INPUT     | LVCMOS25             |       |          |      |              |          |          |
| SW_DIP<18>                         | IOB              | INPUT     | LVCMOS25             |       |          |      |              |          |          |
| SW_DIP<19>                         | IOB              | INPUT     | LVCMOS25             |       |          |      |              |          |          |
| SW_DIP<20>                         | IOB              | INPUT     | LVCMOS25             |       |          |      |              |          |          |
| SW_DIP<21>                         | IOB              | INPUT     | LVCMOS25             |       |          |      |              |          |          |
| SW_DIP<22>                         | IOB              | INPUT     | LVCMOS25             |       |          |      |              |          |          |
| SW_DIP<23>                         | IOB              | INPUT     | LVCMOS25             |       |          |      |              |          |          |
| SW_DIP<24>                         | IOB              | INPUT     | LVCMOS25             |       |          |      |              |          |          |
| SW_DIP<25>                         | IOB              | INPUT     | LVCMOS25             |       |          |      |              |          |          |
| SW_DIP<26>                         | IOB              | INPUT     | LVCMOS25             |       |          |      |              |          |          |
| SW_DIP<27>                         | IOB              | INPUT     | LVCMOS25             |       |          |      |              |          |          |
| SW_DIP<28>                         | IOB              | INPUT     | LVCMOS25             |       |          |      |              |          |          |
| SW_DIP<29>                         | IOB              | INPUT     | LVCMOS25             |       |          |      |              |          |          |
| SW_DIP<30>                         | IOB              | INPUT     | LVCMOS25             |       |          |      |              |          |          |
| SW_DIP<31>                         | IOB              | INPUT     | LVCMOS25             |       |          |      |              |          |          |
+---------------------------------------------------------------------------------------------------------------------------------------------------------+

Section 7 - RPMs
----------------

Section 8 - Guide Report
------------------------
Guide not run on this design.

Section 9 - Area Group and Partition Summary
--------------------------------------------

Partition Implementation Status
-------------------------------

  No Partitions were found in this design.

-------------------------------

Area Group Information
----------------------

  No area groups were found in this design.

----------------------

Section 10 - Timing Report
--------------------------
A logic-level (pre-route) timing report can be generated by using Xilinx static
timing analysis tools, Timing Analyzer (GUI) or TRCE (command line), with the
mapped NCD and PCF files. Please note that this timing report will be generated
using estimated delay information. For accurate numbers, please generate a
timing report with the post Place and Route NCD file.

For more information about the Timing Analyzer, consult the Xilinx Timing
Analyzer Reference Manual; for more information about TRCE, consult the Xilinx
Command Line Tools User Guide "TRACE" chapter.

Section 11 - Configuration String Details
-----------------------------------------
Use the "-detail" map option to print out Configuration Strings

Section 12 - Control Set Information
------------------------------------
Use the "-detail" map option to print out Control Set Information.

Section 13 - Utilization by Hierarchy
-------------------------------------
Use the "-detail" map option to print out the Utilization by Hierarchy section.
