Release 14.2 Map P.28xd (nt64)
Xilinx Mapping Report File for Design 'cpu_top'

Design Information
------------------
Command Line   : map -intstyle ise -p xc6slx100-fgg676-3 -w -logic_opt off -ol
high -t 1 -xt 0 -register_duplication off -r 4 -global_opt off -mt off -ir off
-pr off -lc off -power off -o cpu_top_map.ncd cpu_top.ngd cpu_top.pcf 
Target Device  : xc6slx100
Target Package : fgg676
Target Speed   : -3
Mapper Version : spartan6 -- $Revision: 1.55 $
Mapped Date    : Sun Dec 06 14:08:18 2015

Design Summary
--------------
Number of errors:      0
Number of warnings:   11
Slice Logic Utilization:
  Number of Slice Registers:                 1,326 out of 126,576    1%
    Number used as Flip Flops:               1,325
    Number used as Latches:                      0
    Number used as Latch-thrus:                  0
    Number used as AND/OR logics:                1
  Number of Slice LUTs:                      3,197 out of  63,288    5%
    Number used as logic:                    3,148 out of  63,288    4%
      Number using O6 output only:           2,428
      Number using O5 output only:             136
      Number using O5 and O6:                  584
      Number used as ROM:                        0
    Number used as Memory:                      44 out of  15,616    1%
      Number used as Dual Port RAM:             44
        Number using O6 output only:             0
        Number using O5 output only:             0
        Number using O5 and O6:                 44
      Number used as Single Port RAM:            0
      Number used as Shift Register:             0
    Number used exclusively as route-thrus:      5
      Number with same-slice register load:      1
      Number with same-slice carry load:         4
      Number with other load:                    0

Slice Logic Distribution:
  Number of occupied Slices:                 1,187 out of  15,822    7%
  Nummber of MUXCYs used:                      464 out of  31,644    1%
  Number of LUT Flip Flop pairs used:        3,478
    Number with an unused Flip Flop:         2,305 out of   3,478   66%
    Number with an unused LUT:                 281 out of   3,478    8%
    Number of fully used LUT-FF pairs:         892 out of   3,478   25%
    Number of unique control sets:              38
    Number of slice register sites lost
      to control set restrictions:             147 out of 126,576    1%

  A LUT Flip Flop pair for this architecture represents one LUT paired with
  one Flip Flop within a slice.  A control set is a unique combination of
  clock, reset, set, and enable signals for a registered element.
  The Slice Logic Distribution report is not meaningful if the design is
  over-mapped for a non-slice resource or if Placement fails.

IO Utilization:
  Number of bonded IOBs:                       224 out of     480   46%
    Number of LOCed IOBs:                      208 out of     224   92%
    IOB Flip Flops:                              1

Specific Feature Utilization:
  Number of RAMB16BWERs:                         0 out of     268    0%
  Number of RAMB8BWERs:                          1 out of     536    1%
  Number of BUFIO2/BUFIO2_2CLKs:                 0 out of      32    0%
  Number of BUFIO2FB/BUFIO2FB_2CLKs:             0 out of      32    0%
  Number of BUFG/BUFGMUXs:                       2 out of      16   12%
    Number used as BUFGs:                        2
    Number used as BUFGMUX:                      0
  Number of DCM/DCM_CLKGENs:                     0 out of      12    0%
  Number of ILOGIC2/ISERDES2s:                   0 out of     506    0%
  Number of IODELAY2/IODRP2/IODRP2_MCBs:         0 out of     506    0%
  Number of OLOGIC2/OSERDES2s:                   1 out of     506    1%
    Number used as OLOGIC2s:                     1
    Number used as OSERDES2s:                    0
  Number of BSCANs:                              0 out of       4    0%
  Number of BUFHs:                               0 out of     384    0%
  Number of BUFPLLs:                             0 out of       8    0%
  Number of BUFPLL_MCBs:                         0 out of       4    0%
  Number of DSP48A1s:                            4 out of     180    2%
  Number of ICAPs:                               0 out of       1    0%
  Number of MCBs:                                0 out of       4    0%
  Number of PCILOGICSEs:                         0 out of       2    0%
  Number of PLL_ADVs:                            0 out of       6    0%
  Number of PMVs:                                0 out of       1    0%
  Number of STARTUPs:                            0 out of       1    0%
  Number of SUSPEND_SYNCs:                       0 out of       1    0%

Average Fanout of Non-Clock Nets:                4.22

Peak Memory Usage:  619 MB
Total REAL time to MAP completion:  1 mins 3 secs 
Total CPU time to MAP completion:   1 mins 3 secs 

Table of Contents
-----------------
Section 1 - Errors
Section 2 - Warnings
Section 3 - Informational
Section 4 - Removed Logic Summary
Section 5 - Removed Logic
Section 6 - IOB Properties
Section 7 - RPMs
Section 8 - Guide Report
Section 9 - Area Group and Partition Summary
Section 10 - Timing Report
Section 11 - Configuration String Information
Section 12 - Control Set Information
Section 13 - Utilization by Hierarchy

Section 1 - Errors
------------------

Section 2 - Warnings
--------------------
WARNING:PhysDesignRules:367 - The signal
   <sopc/openmips0/regfile1/Mram_regs24_RAMD_D1_O> is incomplete. The signal
   does not drive any load pins in the design.
WARNING:PhysDesignRules:367 - The signal
   <sopc/openmips0/regfile1/Mram_regs21_RAMD_D1_O> is incomplete. The signal
   does not drive any load pins in the design.
WARNING:PhysDesignRules:367 - The signal
   <sopc/openmips0/regfile1/Mram_regs11_RAMD_D1_O> is incomplete. The signal
   does not drive any load pins in the design.
WARNING:PhysDesignRules:367 - The signal
   <sopc/openmips0/regfile1/Mram_regs23_RAMD_D1_O> is incomplete. The signal
   does not drive any load pins in the design.
WARNING:PhysDesignRules:367 - The signal
   <sopc/openmips0/regfile1/Mram_regs14_RAMD_D1_O> is incomplete. The signal
   does not drive any load pins in the design.
WARNING:PhysDesignRules:367 - The signal
   <sopc/openmips0/regfile1/Mram_regs22_RAMD_D1_O> is incomplete. The signal
   does not drive any load pins in the design.
WARNING:PhysDesignRules:367 - The signal
   <sopc/openmips0/regfile1/Mram_regs25_RAMD_D1_O> is incomplete. The signal
   does not drive any load pins in the design.
WARNING:PhysDesignRules:367 - The signal
   <sopc/openmips0/regfile1/Mram_regs12_RAMD_D1_O> is incomplete. The signal
   does not drive any load pins in the design.
WARNING:PhysDesignRules:367 - The signal
   <sopc/openmips0/regfile1/Mram_regs13_RAMD_D1_O> is incomplete. The signal
   does not drive any load pins in the design.
WARNING:PhysDesignRules:367 - The signal
   <sopc/openmips0/regfile1/Mram_regs15_RAMD_D1_O> is incomplete. The signal
   does not drive any load pins in the design.
WARNING:PhysDesignRules:2410 - This design is using one or more 9K Block RAMs
   (RAMB8BWER).  9K Block RAM initialization data, both user defined and
   default, may be incorrect and should not be used.  For more information,
   please reference Xilinx Answer Record 39999.

Section 3 - Informational
-------------------------
INFO:LIT:243 - Logical network sw_dip<30>_IBUF has no load.
INFO:LIT:395 - The above info message is repeated 27 more times for the
   following (max. 5 shown):
   sw_dip<29>_IBUF,
   sw_dip<28>_IBUF,
   sw_dip<27>_IBUF,
   sw_dip<26>_IBUF,
   sw_dip<25>_IBUF
   To see the details of these info messages, please use the -detail switch.
INFO:MapLib:562 - No environment variables are currently set.
INFO:LIT:244 - All of the single ended outputs in this design are using slew
   rate limited output drivers. The delay on speed critical single ended outputs
   can be dramatically reduced by designating them as fast outputs.
INFO:Pack:1716 - Initializing temperature to 85.000 Celsius. (default - Range:
   0.000 to 85.000 Celsius)
INFO:Pack:1720 - Initializing voltage to 1.140 Volts. (default - Range: 1.140 to
   1.260 Volts)
INFO:Map:215 - The Interim Design Summary has been generated in the MAP Report
   (.mrp).
INFO:Place:834 - Only a subset of IOs are locked. Out of 224 IOs, 208 are locked
   and 16 are not locked. If you would like to print the names of these IOs,
   please set the environment variable XIL_PAR_DESIGN_CHECK_VERBOSE to 1. 
INFO:Pack:1650 - Map created a placed design.

Section 4 - Removed Logic Summary
---------------------------------
  16 block(s) removed
   2 block(s) optimized away

Section 5 - Removed Logic
-------------------------
Unused block "flash_data_0_IOBUF/OBUFT" (TRI) removed.
Unused block "flash_data_10_IOBUF/OBUFT" (TRI) removed.
Unused block "flash_data_11_IOBUF/OBUFT" (TRI) removed.
Unused block "flash_data_12_IOBUF/OBUFT" (TRI) removed.
Unused block "flash_data_13_IOBUF/OBUFT" (TRI) removed.
Unused block "flash_data_14_IOBUF/OBUFT" (TRI) removed.
Unused block "flash_data_15_IOBUF/OBUFT" (TRI) removed.
Unused block "flash_data_1_IOBUF/OBUFT" (TRI) removed.
Unused block "flash_data_2_IOBUF/OBUFT" (TRI) removed.
Unused block "flash_data_3_IOBUF/OBUFT" (TRI) removed.
Unused block "flash_data_4_IOBUF/OBUFT" (TRI) removed.
Unused block "flash_data_5_IOBUF/OBUFT" (TRI) removed.
Unused block "flash_data_6_IOBUF/OBUFT" (TRI) removed.
Unused block "flash_data_7_IOBUF/OBUFT" (TRI) removed.
Unused block "flash_data_8_IOBUF/OBUFT" (TRI) removed.
Unused block "flash_data_9_IOBUF/OBUFT" (TRI) removed.

Optimized Block(s):
TYPE 		BLOCK
GND 		XST_GND
VCC 		XST_VCC

To enable printing of redundant blocks removed and signals merged, set the
detailed map report option and rerun map.

Section 6 - IOB Properties
--------------------------

+---------------------------------------------------------------------------------------------------------------------------------------------------------+
| IOB Name                           | Type             | Direction | IO Standard          | Diff  | Drive    | Slew | Reg (s)      | Resistor | IOB      |
|                                    |                  |           |                      | Term  | Strength | Rate |              |          | Delay    |
+---------------------------------------------------------------------------------------------------------------------------------------------------------+
| baseram_addr<0>                    | IOB              | OUTPUT    | LVCMOS25             |       | 12       | SLOW |              |          |          |
| baseram_addr<1>                    | IOB              | OUTPUT    | LVCMOS25             |       | 12       | SLOW |              |          |          |
| baseram_addr<2>                    | IOB              | OUTPUT    | LVCMOS25             |       | 12       | SLOW |              |          |          |
| baseram_addr<3>                    | IOB              | OUTPUT    | LVCMOS25             |       | 12       | SLOW |              |          |          |
| baseram_addr<4>                    | IOB              | OUTPUT    | LVCMOS25             |       | 12       | SLOW |              |          |          |
| baseram_addr<5>                    | IOB              | OUTPUT    | LVCMOS25             |       | 12       | SLOW |              |          |          |
| baseram_addr<6>                    | IOB              | OUTPUT    | LVCMOS25             |       | 12       | SLOW |              |          |          |
| baseram_addr<7>                    | IOB              | OUTPUT    | LVCMOS25             |       | 12       | SLOW |              |          |          |
| baseram_addr<8>                    | IOB              | OUTPUT    | LVCMOS25             |       | 12       | SLOW |              |          |          |
| baseram_addr<9>                    | IOB              | OUTPUT    | LVCMOS25             |       | 12       | SLOW |              |          |          |
| baseram_addr<10>                   | IOB              | OUTPUT    | LVCMOS25             |       | 12       | SLOW |              |          |          |
| baseram_addr<11>                   | IOB              | OUTPUT    | LVCMOS25             |       | 12       | SLOW |              |          |          |
| baseram_addr<12>                   | IOB              | OUTPUT    | LVCMOS25             |       | 12       | SLOW |              |          |          |
| baseram_addr<13>                   | IOB              | OUTPUT    | LVCMOS25             |       | 12       | SLOW |              |          |          |
| baseram_addr<14>                   | IOB              | OUTPUT    | LVCMOS25             |       | 12       | SLOW |              |          |          |
| baseram_addr<15>                   | IOB              | OUTPUT    | LVCMOS25             |       | 12       | SLOW |              |          |          |
| baseram_addr<16>                   | IOB              | OUTPUT    | LVCMOS25             |       | 12       | SLOW |              |          |          |
| baseram_addr<17>                   | IOB              | OUTPUT    | LVCMOS25             |       | 12       | SLOW |              |          |          |
| baseram_addr<18>                   | IOB              | OUTPUT    | LVCMOS25             |       | 12       | SLOW |              |          |          |
| baseram_addr<19>                   | IOB              | OUTPUT    | LVCMOS25             |       | 12       | SLOW |              |          |          |
| baseram_ce                         | IOB              | OUTPUT    | LVCMOS25             |       | 12       | SLOW |              |          |          |
| baseram_data<0>                    | IOB              | BIDIR     | LVCMOS25             |       | 12       | SLOW |              |          |          |
| baseram_data<1>                    | IOB              | BIDIR     | LVCMOS25             |       | 12       | SLOW |              |          |          |
| baseram_data<2>                    | IOB              | BIDIR     | LVCMOS25             |       | 12       | SLOW |              |          |          |
| baseram_data<3>                    | IOB              | BIDIR     | LVCMOS25             |       | 12       | SLOW |              |          |          |
| baseram_data<4>                    | IOB              | BIDIR     | LVCMOS25             |       | 12       | SLOW |              |          |          |
| baseram_data<5>                    | IOB              | BIDIR     | LVCMOS25             |       | 12       | SLOW |              |          |          |
| baseram_data<6>                    | IOB              | BIDIR     | LVCMOS25             |       | 12       | SLOW |              |          |          |
| baseram_data<7>                    | IOB              | BIDIR     | LVCMOS25             |       | 12       | SLOW |              |          |          |
| baseram_data<8>                    | IOB              | BIDIR     | LVCMOS25             |       | 12       | SLOW |              |          |          |
| baseram_data<9>                    | IOB              | BIDIR     | LVCMOS25             |       | 12       | SLOW |              |          |          |
| baseram_data<10>                   | IOB              | BIDIR     | LVCMOS25             |       | 12       | SLOW |              |          |          |
| baseram_data<11>                   | IOB              | BIDIR     | LVCMOS25             |       | 12       | SLOW |              |          |          |
| baseram_data<12>                   | IOB              | BIDIR     | LVCMOS25             |       | 12       | SLOW |              |          |          |
| baseram_data<13>                   | IOB              | BIDIR     | LVCMOS25             |       | 12       | SLOW |              |          |          |
| baseram_data<14>                   | IOB              | BIDIR     | LVCMOS25             |       | 12       | SLOW |              |          |          |
| baseram_data<15>                   | IOB              | BIDIR     | LVCMOS25             |       | 12       | SLOW |              |          |          |
| baseram_data<16>                   | IOB              | BIDIR     | LVCMOS25             |       | 12       | SLOW |              |          |          |
| baseram_data<17>                   | IOB              | BIDIR     | LVCMOS25             |       | 12       | SLOW |              |          |          |
| baseram_data<18>                   | IOB              | BIDIR     | LVCMOS25             |       | 12       | SLOW |              |          |          |
| baseram_data<19>                   | IOB              | BIDIR     | LVCMOS25             |       | 12       | SLOW |              |          |          |
| baseram_data<20>                   | IOB              | BIDIR     | LVCMOS25             |       | 12       | SLOW |              |          |          |
| baseram_data<21>                   | IOB              | BIDIR     | LVCMOS25             |       | 12       | SLOW |              |          |          |
| baseram_data<22>                   | IOB              | BIDIR     | LVCMOS25             |       | 12       | SLOW |              |          |          |
| baseram_data<23>                   | IOB              | BIDIR     | LVCMOS25             |       | 12       | SLOW |              |          |          |
| baseram_data<24>                   | IOB              | BIDIR     | LVCMOS25             |       | 12       | SLOW |              |          |          |
| baseram_data<25>                   | IOB              | BIDIR     | LVCMOS25             |       | 12       | SLOW |              |          |          |
| baseram_data<26>                   | IOB              | BIDIR     | LVCMOS25             |       | 12       | SLOW |              |          |          |
| baseram_data<27>                   | IOB              | BIDIR     | LVCMOS25             |       | 12       | SLOW |              |          |          |
| baseram_data<28>                   | IOB              | BIDIR     | LVCMOS25             |       | 12       | SLOW |              |          |          |
| baseram_data<29>                   | IOB              | BIDIR     | LVCMOS25             |       | 12       | SLOW |              |          |          |
| baseram_data<30>                   | IOB              | BIDIR     | LVCMOS25             |       | 12       | SLOW |              |          |          |
| baseram_data<31>                   | IOB              | BIDIR     | LVCMOS25             |       | 12       | SLOW |              |          |          |
| baseram_oe                         | IOB              | OUTPUT    | LVCMOS25             |       | 12       | SLOW |              |          |          |
| baseram_we                         | IOB              | OUTPUT    | LVCMOS25             |       | 12       | SLOW |              |          |          |
| clk                                | IOB              | INPUT     | LVCMOS25             |       |          |      |              |          |          |
| clk_key                            | IOB              | INPUT     | LVCMOS25             |       |          |      |              |          |          |
| com_RxD                            | IOB              | INPUT     | LVCMOS25             |       |          |      |              |          |          |
| com_TxD                            | IOB              | OUTPUT    | LVCMOS25             |       | 12       | SLOW |              |          |          |
| extram_addr<0>                     | IOB              | OUTPUT    | LVCMOS25             |       | 12       | SLOW |              |          |          |
| extram_addr<1>                     | IOB              | OUTPUT    | LVCMOS25             |       | 12       | SLOW |              |          |          |
| extram_addr<2>                     | IOB              | OUTPUT    | LVCMOS25             |       | 12       | SLOW |              |          |          |
| extram_addr<3>                     | IOB              | OUTPUT    | LVCMOS25             |       | 12       | SLOW |              |          |          |
| extram_addr<4>                     | IOB              | OUTPUT    | LVCMOS25             |       | 12       | SLOW |              |          |          |
| extram_addr<5>                     | IOB              | OUTPUT    | LVCMOS25             |       | 12       | SLOW |              |          |          |
| extram_addr<6>                     | IOB              | OUTPUT    | LVCMOS25             |       | 12       | SLOW |              |          |          |
| extram_addr<7>                     | IOB              | OUTPUT    | LVCMOS25             |       | 12       | SLOW |              |          |          |
| extram_addr<8>                     | IOB              | OUTPUT    | LVCMOS25             |       | 12       | SLOW |              |          |          |
| extram_addr<9>                     | IOB              | OUTPUT    | LVCMOS25             |       | 12       | SLOW |              |          |          |
| extram_addr<10>                    | IOB              | OUTPUT    | LVCMOS25             |       | 12       | SLOW |              |          |          |
| extram_addr<11>                    | IOB              | OUTPUT    | LVCMOS25             |       | 12       | SLOW |              |          |          |
| extram_addr<12>                    | IOB              | OUTPUT    | LVCMOS25             |       | 12       | SLOW |              |          |          |
| extram_addr<13>                    | IOB              | OUTPUT    | LVCMOS25             |       | 12       | SLOW |              |          |          |
| extram_addr<14>                    | IOB              | OUTPUT    | LVCMOS25             |       | 12       | SLOW |              |          |          |
| extram_addr<15>                    | IOB              | OUTPUT    | LVCMOS25             |       | 12       | SLOW |              |          |          |
| extram_addr<16>                    | IOB              | OUTPUT    | LVCMOS25             |       | 12       | SLOW |              |          |          |
| extram_addr<17>                    | IOB              | OUTPUT    | LVCMOS25             |       | 12       | SLOW |              |          |          |
| extram_addr<18>                    | IOB              | OUTPUT    | LVCMOS25             |       | 12       | SLOW |              |          |          |
| extram_addr<19>                    | IOB              | OUTPUT    | LVCMOS25             |       | 12       | SLOW |              |          |          |
| extram_ce                          | IOB              | OUTPUT    | LVCMOS25             |       | 12       | SLOW |              |          |          |
| extram_data<0>                     | IOB              | BIDIR     | LVCMOS25             |       | 12       | SLOW |              |          |          |
| extram_data<1>                     | IOB              | BIDIR     | LVCMOS25             |       | 12       | SLOW |              |          |          |
| extram_data<2>                     | IOB              | BIDIR     | LVCMOS25             |       | 12       | SLOW |              |          |          |
| extram_data<3>                     | IOB              | BIDIR     | LVCMOS25             |       | 12       | SLOW |              |          |          |
| extram_data<4>                     | IOB              | BIDIR     | LVCMOS25             |       | 12       | SLOW |              |          |          |
| extram_data<5>                     | IOB              | BIDIR     | LVCMOS25             |       | 12       | SLOW |              |          |          |
| extram_data<6>                     | IOB              | BIDIR     | LVCMOS25             |       | 12       | SLOW |              |          |          |
| extram_data<7>                     | IOB              | BIDIR     | LVCMOS25             |       | 12       | SLOW |              |          |          |
| extram_data<8>                     | IOB              | BIDIR     | LVCMOS25             |       | 12       | SLOW |              |          |          |
| extram_data<9>                     | IOB              | BIDIR     | LVCMOS25             |       | 12       | SLOW |              |          |          |
| extram_data<10>                    | IOB              | BIDIR     | LVCMOS25             |       | 12       | SLOW |              |          |          |
| extram_data<11>                    | IOB              | BIDIR     | LVCMOS25             |       | 12       | SLOW |              |          |          |
| extram_data<12>                    | IOB              | BIDIR     | LVCMOS25             |       | 12       | SLOW |              |          |          |
| extram_data<13>                    | IOB              | BIDIR     | LVCMOS25             |       | 12       | SLOW |              |          |          |
| extram_data<14>                    | IOB              | BIDIR     | LVCMOS25             |       | 12       | SLOW |              |          |          |
| extram_data<15>                    | IOB              | BIDIR     | LVCMOS25             |       | 12       | SLOW |              |          |          |
| extram_data<16>                    | IOB              | BIDIR     | LVCMOS25             |       | 12       | SLOW |              |          |          |
| extram_data<17>                    | IOB              | BIDIR     | LVCMOS25             |       | 12       | SLOW |              |          |          |
| extram_data<18>                    | IOB              | BIDIR     | LVCMOS25             |       | 12       | SLOW |              |          |          |
| extram_data<19>                    | IOB              | BIDIR     | LVCMOS25             |       | 12       | SLOW |              |          |          |
| extram_data<20>                    | IOB              | BIDIR     | LVCMOS25             |       | 12       | SLOW |              |          |          |
| extram_data<21>                    | IOB              | BIDIR     | LVCMOS25             |       | 12       | SLOW |              |          |          |
| extram_data<22>                    | IOB              | BIDIR     | LVCMOS25             |       | 12       | SLOW |              |          |          |
| extram_data<23>                    | IOB              | BIDIR     | LVCMOS25             |       | 12       | SLOW |              |          |          |
| extram_data<24>                    | IOB              | BIDIR     | LVCMOS25             |       | 12       | SLOW |              |          |          |
| extram_data<25>                    | IOB              | BIDIR     | LVCMOS25             |       | 12       | SLOW |              |          |          |
| extram_data<26>                    | IOB              | BIDIR     | LVCMOS25             |       | 12       | SLOW |              |          |          |
| extram_data<27>                    | IOB              | BIDIR     | LVCMOS25             |       | 12       | SLOW |              |          |          |
| extram_data<28>                    | IOB              | BIDIR     | LVCMOS25             |       | 12       | SLOW |              |          |          |
| extram_data<29>                    | IOB              | BIDIR     | LVCMOS25             |       | 12       | SLOW |              |          |          |
| extram_data<30>                    | IOB              | BIDIR     | LVCMOS25             |       | 12       | SLOW |              |          |          |
| extram_data<31>                    | IOB              | BIDIR     | LVCMOS25             |       | 12       | SLOW |              |          |          |
| extram_oe                          | IOB              | OUTPUT    | LVCMOS25             |       | 12       | SLOW |              |          |          |
| extram_we                          | IOB              | OUTPUT    | LVCMOS25             |       | 12       | SLOW |              |          |          |
| flash_addr<0>                      | IOB              | OUTPUT    | LVCMOS25             |       | 12       | SLOW |              |          |          |
| flash_addr<1>                      | IOB              | OUTPUT    | LVCMOS25             |       | 12       | SLOW |              |          |          |
| flash_addr<2>                      | IOB              | OUTPUT    | LVCMOS25             |       | 12       | SLOW |              |          |          |
| flash_addr<3>                      | IOB              | OUTPUT    | LVCMOS25             |       | 12       | SLOW |              |          |          |
| flash_addr<4>                      | IOB              | OUTPUT    | LVCMOS25             |       | 12       | SLOW |              |          |          |
| flash_addr<5>                      | IOB              | OUTPUT    | LVCMOS25             |       | 12       | SLOW |              |          |          |
| flash_addr<6>                      | IOB              | OUTPUT    | LVCMOS25             |       | 12       | SLOW |              |          |          |
| flash_addr<7>                      | IOB              | OUTPUT    | LVCMOS25             |       | 12       | SLOW |              |          |          |
| flash_addr<8>                      | IOB              | OUTPUT    | LVCMOS25             |       | 12       | SLOW |              |          |          |
| flash_addr<9>                      | IOB              | OUTPUT    | LVCMOS25             |       | 12       | SLOW |              |          |          |
| flash_addr<10>                     | IOB              | OUTPUT    | LVCMOS25             |       | 12       | SLOW |              |          |          |
| flash_addr<11>                     | IOB              | OUTPUT    | LVCMOS25             |       | 12       | SLOW |              |          |          |
| flash_addr<12>                     | IOB              | OUTPUT    | LVCMOS25             |       | 12       | SLOW |              |          |          |
| flash_addr<13>                     | IOB              | OUTPUT    | LVCMOS25             |       | 12       | SLOW |              |          |          |
| flash_addr<14>                     | IOB              | OUTPUT    | LVCMOS25             |       | 12       | SLOW |              |          |          |
| flash_addr<15>                     | IOB              | OUTPUT    | LVCMOS25             |       | 12       | SLOW |              |          |          |
| flash_addr<16>                     | IOB              | OUTPUT    | LVCMOS25             |       | 12       | SLOW |              |          |          |
| flash_addr<17>                     | IOB              | OUTPUT    | LVCMOS25             |       | 12       | SLOW |              |          |          |
| flash_addr<18>                     | IOB              | OUTPUT    | LVCMOS25             |       | 12       | SLOW |              |          |          |
| flash_addr<19>                     | IOB              | OUTPUT    | LVCMOS25             |       | 12       | SLOW |              |          |          |
| flash_addr<20>                     | IOB              | OUTPUT    | LVCMOS25             |       | 12       | SLOW |              |          |          |
| flash_addr<21>                     | IOB              | OUTPUT    | LVCMOS25             |       | 12       | SLOW |              |          |          |
| flash_addr<22>                     | IOB              | OUTPUT    | LVCMOS25             |       | 12       | SLOW |              |          |          |
| flash_ctl<0>                       | IOB              | OUTPUT    | LVCMOS25             |       | 12       | SLOW |              |          |          |
| flash_ctl<1>                       | IOB              | OUTPUT    | LVCMOS25             |       | 12       | SLOW |              |          |          |
| flash_ctl<2>                       | IOB              | OUTPUT    | LVCMOS25             |       | 12       | SLOW |              |          |          |
| flash_ctl<3>                       | IOB              | OUTPUT    | LVCMOS25             |       | 12       | SLOW |              |          |          |
| flash_ctl<4>                       | IOB              | OUTPUT    | LVCMOS25             |       | 12       | SLOW |              |          |          |
| flash_ctl<5>                       | IOB              | OUTPUT    | LVCMOS25             |       | 12       | SLOW |              |          |          |
| flash_ctl<6>                       | IOB              | OUTPUT    | LVCMOS25             |       | 12       | SLOW |              |          |          |
| flash_ctl<7>                       | IOB              | OUTPUT    | LVCMOS25             |       | 12       | SLOW |              |          |          |
| flash_data<0>                      | IOB              | INPUT     | LVCMOS25             |       |          |      |              |          |          |
| flash_data<1>                      | IOB              | INPUT     | LVCMOS25             |       |          |      |              |          |          |
| flash_data<2>                      | IOB              | INPUT     | LVCMOS25             |       |          |      |              |          |          |
| flash_data<3>                      | IOB              | INPUT     | LVCMOS25             |       |          |      |              |          |          |
| flash_data<4>                      | IOB              | INPUT     | LVCMOS25             |       |          |      |              |          |          |
| flash_data<5>                      | IOB              | INPUT     | LVCMOS25             |       |          |      |              |          |          |
| flash_data<6>                      | IOB              | INPUT     | LVCMOS25             |       |          |      |              |          |          |
| flash_data<7>                      | IOB              | INPUT     | LVCMOS25             |       |          |      |              |          |          |
| flash_data<8>                      | IOB              | INPUT     | LVCMOS25             |       |          |      |              |          |          |
| flash_data<9>                      | IOB              | INPUT     | LVCMOS25             |       |          |      |              |          |          |
| flash_data<10>                     | IOB              | INPUT     | LVCMOS25             |       |          |      |              |          |          |
| flash_data<11>                     | IOB              | INPUT     | LVCMOS25             |       |          |      |              |          |          |
| flash_data<12>                     | IOB              | INPUT     | LVCMOS25             |       |          |      |              |          |          |
| flash_data<13>                     | IOB              | INPUT     | LVCMOS25             |       |          |      |              |          |          |
| flash_data<14>                     | IOB              | INPUT     | LVCMOS25             |       |          |      |              |          |          |
| flash_data<15>                     | IOB              | INPUT     | LVCMOS25             |       |          |      |              |          |          |
| led<0>                             | IOB              | OUTPUT    | LVCMOS25             |       | 12       | SLOW | OFF          |          |          |
| led<1>                             | IOB              | OUTPUT    | LVCMOS25             |       | 12       | SLOW |              |          |          |
| led<2>                             | IOB              | OUTPUT    | LVCMOS25             |       | 12       | SLOW |              |          |          |
| led<3>                             | IOB              | OUTPUT    | LVCMOS25             |       | 12       | SLOW |              |          |          |
| led<4>                             | IOB              | OUTPUT    | LVCMOS25             |       | 12       | SLOW |              |          |          |
| led<5>                             | IOB              | OUTPUT    | LVCMOS25             |       | 12       | SLOW |              |          |          |
| led<6>                             | IOB              | OUTPUT    | LVCMOS25             |       | 12       | SLOW |              |          |          |
| led<7>                             | IOB              | OUTPUT    | LVCMOS25             |       | 12       | SLOW |              |          |          |
| led<8>                             | IOB              | OUTPUT    | LVCMOS25             |       | 12       | SLOW |              |          |          |
| led<9>                             | IOB              | OUTPUT    | LVCMOS25             |       | 12       | SLOW |              |          |          |
| led<10>                            | IOB              | OUTPUT    | LVCMOS25             |       | 12       | SLOW |              |          |          |
| led<11>                            | IOB              | OUTPUT    | LVCMOS25             |       | 12       | SLOW |              |          |          |
| led<12>                            | IOB              | OUTPUT    | LVCMOS25             |       | 12       | SLOW |              |          |          |
| led<13>                            | IOB              | OUTPUT    | LVCMOS25             |       | 12       | SLOW |              |          |          |
| led<14>                            | IOB              | OUTPUT    | LVCMOS25             |       | 12       | SLOW |              |          |          |
| led<15>                            | IOB              | OUTPUT    | LVCMOS25             |       | 12       | SLOW |              |          |          |
| rst                                | IOB              | INPUT     | LVCMOS25             |       |          |      |              |          |          |
| segdisp0<0>                        | IOB              | OUTPUT    | LVCMOS25             |       | 12       | SLOW |              |          |          |
| segdisp0<1>                        | IOB              | OUTPUT    | LVCMOS25             |       | 12       | SLOW |              |          |          |
| segdisp0<2>                        | IOB              | OUTPUT    | LVCMOS25             |       | 12       | SLOW |              |          |          |
| segdisp0<3>                        | IOB              | OUTPUT    | LVCMOS25             |       | 12       | SLOW |              |          |          |
| segdisp0<4>                        | IOB              | OUTPUT    | LVCMOS25             |       | 12       | SLOW |              |          |          |
| segdisp0<5>                        | IOB              | OUTPUT    | LVCMOS25             |       | 12       | SLOW |              |          |          |
| segdisp0<6>                        | IOB              | OUTPUT    | LVCMOS25             |       | 12       | SLOW |              |          |          |
| segdisp1<0>                        | IOB              | OUTPUT    | LVCMOS25             |       | 12       | SLOW |              |          |          |
| segdisp1<1>                        | IOB              | OUTPUT    | LVCMOS25             |       | 12       | SLOW |              |          |          |
| segdisp1<2>                        | IOB              | OUTPUT    | LVCMOS25             |       | 12       | SLOW |              |          |          |
| segdisp1<3>                        | IOB              | OUTPUT    | LVCMOS25             |       | 12       | SLOW |              |          |          |
| segdisp1<4>                        | IOB              | OUTPUT    | LVCMOS25             |       | 12       | SLOW |              |          |          |
| segdisp1<5>                        | IOB              | OUTPUT    | LVCMOS25             |       | 12       | SLOW |              |          |          |
| segdisp1<6>                        | IOB              | OUTPUT    | LVCMOS25             |       | 12       | SLOW |              |          |          |
| sw_dip<0>                          | IOB              | INPUT     | LVCMOS25             |       |          |      |              |          |          |
| sw_dip<1>                          | IOB              | INPUT     | LVCMOS25             |       |          |      |              |          |          |
| sw_dip<2>                          | IOB              | INPUT     | LVCMOS25             |       |          |      |              |          |          |
| sw_dip<3>                          | IOB              | INPUT     | LVCMOS25             |       |          |      |              |          |          |
| sw_dip<4>                          | IOB              | INPUT     | LVCMOS25             |       |          |      |              |          |          |
| sw_dip<5>                          | IOB              | INPUT     | LVCMOS25             |       |          |      |              |          |          |
| sw_dip<6>                          | IOB              | INPUT     | LVCMOS25             |       |          |      |              |          |          |
| sw_dip<7>                          | IOB              | INPUT     | LVCMOS25             |       |          |      |              |          |          |
| sw_dip<8>                          | IOB              | INPUT     | LVCMOS25             |       |          |      |              |          |          |
| sw_dip<9>                          | IOB              | INPUT     | LVCMOS25             |       |          |      |              |          |          |
| sw_dip<10>                         | IOB              | INPUT     | LVCMOS25             |       |          |      |              |          |          |
| sw_dip<11>                         | IOB              | INPUT     | LVCMOS25             |       |          |      |              |          |          |
| sw_dip<12>                         | IOB              | INPUT     | LVCMOS25             |       |          |      |              |          |          |
| sw_dip<13>                         | IOB              | INPUT     | LVCMOS25             |       |          |      |              |          |          |
| sw_dip<14>                         | IOB              | INPUT     | LVCMOS25             |       |          |      |              |          |          |
| sw_dip<15>                         | IOB              | INPUT     | LVCMOS25             |       |          |      |              |          |          |
| sw_dip<16>                         | IOB              | INPUT     | LVCMOS25             |       |          |      |              |          |          |
| sw_dip<17>                         | IOB              | INPUT     | LVCMOS25             |       |          |      |              |          |          |
| sw_dip<18>                         | IOB              | INPUT     | LVCMOS25             |       |          |      |              |          |          |
| sw_dip<19>                         | IOB              | INPUT     | LVCMOS25             |       |          |      |              |          |          |
| sw_dip<20>                         | IOB              | INPUT     | LVCMOS25             |       |          |      |              |          |          |
| sw_dip<21>                         | IOB              | INPUT     | LVCMOS25             |       |          |      |              |          |          |
| sw_dip<22>                         | IOB              | INPUT     | LVCMOS25             |       |          |      |              |          |          |
| sw_dip<23>                         | IOB              | INPUT     | LVCMOS25             |       |          |      |              |          |          |
| sw_dip<24>                         | IOB              | INPUT     | LVCMOS25             |       |          |      |              |          |          |
| sw_dip<25>                         | IOB              | INPUT     | LVCMOS25             |       |          |      |              |          |          |
| sw_dip<26>                         | IOB              | INPUT     | LVCMOS25             |       |          |      |              |          |          |
| sw_dip<27>                         | IOB              | INPUT     | LVCMOS25             |       |          |      |              |          |          |
| sw_dip<28>                         | IOB              | INPUT     | LVCMOS25             |       |          |      |              |          |          |
| sw_dip<29>                         | IOB              | INPUT     | LVCMOS25             |       |          |      |              |          |          |
| sw_dip<30>                         | IOB              | INPUT     | LVCMOS25             |       |          |      |              |          |          |
| sw_dip<31>                         | IOB              | INPUT     | LVCMOS25             |       |          |      |              |          |          |
+---------------------------------------------------------------------------------------------------------------------------------------------------------+

Section 7 - RPMs
----------------

Section 8 - Guide Report
------------------------
Guide not run on this design.

Section 9 - Area Group and Partition Summary
--------------------------------------------

Partition Implementation Status
-------------------------------

  No Partitions were found in this design.

-------------------------------

Area Group Information
----------------------

  No area groups were found in this design.

----------------------

Section 10 - Timing Report
--------------------------
A logic-level (pre-route) timing report can be generated by using Xilinx static
timing analysis tools, Timing Analyzer (GUI) or TRCE (command line), with the
mapped NCD and PCF files. Please note that this timing report will be generated
using estimated delay information. For accurate numbers, please generate a
timing report with the post Place and Route NCD file.

For more information about the Timing Analyzer, consult the Xilinx Timing
Analyzer Reference Manual; for more information about TRCE, consult the Xilinx
Command Line Tools User Guide "TRACE" chapter.

Section 11 - Configuration String Details
-----------------------------------------
Use the "-detail" map option to print out Configuration Strings

Section 12 - Control Set Information
------------------------------------
Use the "-detail" map option to print out Control Set Information.

Section 13 - Utilization by Hierarchy
-------------------------------------
Use the "-detail" map option to print out the Utilization by Hierarchy section.
