Release 14.2 - ngc2edif P.28xd (nt64)
Copyright (c) 1995-2012 Xilinx, Inc.  All rights reserved.
Reading design Atom.ngc ...
WARNING:NetListWriters:298 - No output is written to Atom.xncf, ignored.
Processing design ...
   Preping design's networks ...
   Preping design's macros ...
  finished :Prep
Writing EDIF netlist file Atom.edif ...
ngc2edif: Total memory usage is 81532 kilobytes

Release 14.2 - ngc2edif P.28xd (nt64)
Copyright (c) 1995-2012 Xilinx, Inc.  All rights reserved.
Reading design Atom.ngc ...
WARNING:NetListWriters:298 - No output is written to Atom.xncf, ignored.
Processing design ...
   Preping design's networks ...
   Preping design's macros ...
  finished :Prep
Writing EDIF netlist file Atom.edif ...
ngc2edif: Total memory usage is 82044 kilobytes

Release 14.2 - ngc2edif P.28xd (nt64)
Copyright (c) 1995-2012 Xilinx, Inc.  All rights reserved.
Reading design Atom.ngc ...
WARNING:NetListWriters:298 - No output is written to Atom.xncf, ignored.
Processing design ...
   Preping design's networks ...
   Preping design's macros ...
  finished :Prep
Writing EDIF netlist file Atom.edif ...
ngc2edif: Total memory usage is 81468 kilobytes

Release 14.2 - ngc2edif P.28xd (nt64)
Copyright (c) 1995-2012 Xilinx, Inc.  All rights reserved.
Reading design Atom.ngc ...
WARNING:NetListWriters:298 - No output is written to Atom.xncf, ignored.
Processing design ...
   Preping design's networks ...
   Preping design's macros ...
  finished :Prep
Writing EDIF netlist file Atom.edif ...
ngc2edif: Total memory usage is 81532 kilobytes

