\BOOKMARK [1][-]{section.1}{引言}{}% 1
\BOOKMARK [2][-]{subsection.1.1}{编写目的}{section.1}% 2
\BOOKMARK [2][-]{subsection.1.2}{背景}{section.1}% 3
\BOOKMARK [2][-]{subsection.1.3}{开发工具}{section.1}% 4
\BOOKMARK [2][-]{subsection.1.4}{开发流程}{section.1}% 5
\BOOKMARK [2][-]{subsection.1.5}{参考资料}{section.1}% 6
\BOOKMARK [1][-]{section.2}{模块设计}{}% 7
\BOOKMARK [2][-]{subsection.2.1}{取指阶段}{section.2}% 8
\BOOKMARK [3][-]{subsubsection.2.1.1}{PC模块}{subsection.2.1}% 9
\BOOKMARK [4][-]{paragraph.2.1.1.1}{功能描述}{subsubsection.2.1.1}% 10
\BOOKMARK [4][-]{paragraph.2.1.1.2}{端口说明}{subsubsection.2.1.1}% 11
\BOOKMARK [3][-]{subsubsection.2.1.2}{IF/ID模块}{subsection.2.1}% 12
\BOOKMARK [4][-]{paragraph.2.1.2.1}{功能描述}{subsubsection.2.1.2}% 13
\BOOKMARK [4][-]{paragraph.2.1.2.2}{端口说明}{subsubsection.2.1.2}% 14
\BOOKMARK [2][-]{subsection.2.2}{译码阶段}{section.2}% 15
\BOOKMARK [3][-]{subsubsection.2.2.1}{Regfile模块}{subsection.2.2}% 16
\BOOKMARK [4][-]{paragraph.2.2.1.1}{功能描述}{subsubsection.2.2.1}% 17
\BOOKMARK [4][-]{paragraph.2.2.1.2}{端口说明}{subsubsection.2.2.1}% 18
\BOOKMARK [3][-]{subsubsection.2.2.2}{ID模块}{subsection.2.2}% 19
\BOOKMARK [4][-]{paragraph.2.2.2.1}{功能描述}{subsubsection.2.2.2}% 20
\BOOKMARK [4][-]{paragraph.2.2.2.2}{端口说明}{subsubsection.2.2.2}% 21
\BOOKMARK [3][-]{subsubsection.2.2.3}{ID/EX模块}{subsection.2.2}% 22
\BOOKMARK [4][-]{paragraph.2.2.3.1}{功能描述}{subsubsection.2.2.3}% 23
\BOOKMARK [4][-]{paragraph.2.2.3.2}{端口说明}{subsubsection.2.2.3}% 24
\BOOKMARK [2][-]{subsection.2.3}{执行阶段}{section.2}% 25
\BOOKMARK [3][-]{subsubsection.2.3.1}{EX模块}{subsection.2.3}% 26
\BOOKMARK [4][-]{paragraph.2.3.1.1}{功能描述}{subsubsection.2.3.1}% 27
\BOOKMARK [4][-]{paragraph.2.3.1.2}{端口说明}{subsubsection.2.3.1}% 28
\BOOKMARK [3][-]{subsubsection.2.3.2}{EX/MEM模块}{subsection.2.3}% 29
\BOOKMARK [4][-]{paragraph.2.3.2.1}{功能描述}{subsubsection.2.3.2}% 30
\BOOKMARK [4][-]{paragraph.2.3.2.2}{端口说明}{subsubsection.2.3.2}% 31
\BOOKMARK [2][-]{subsection.2.4}{访存阶段}{section.2}% 32
\BOOKMARK [3][-]{subsubsection.2.4.1}{MEM模块}{subsection.2.4}% 33
\BOOKMARK [4][-]{paragraph.2.4.1.1}{功能描述}{subsubsection.2.4.1}% 34
\BOOKMARK [4][-]{paragraph.2.4.1.2}{端口说明}{subsubsection.2.4.1}% 35
\BOOKMARK [3][-]{subsubsection.2.4.2}{MEM/WB模块}{subsection.2.4}% 36
\BOOKMARK [4][-]{paragraph.2.4.2.1}{功能描述}{subsubsection.2.4.2}% 37
\BOOKMARK [4][-]{paragraph.2.4.2.2}{端口说明}{subsubsection.2.4.2}% 38
\BOOKMARK [2][-]{subsection.2.5}{回写阶段}{section.2}% 39
\BOOKMARK [3][-]{subsubsection.2.5.1}{CP0模块}{subsection.2.5}% 40
\BOOKMARK [4][-]{paragraph.2.5.1.1}{功能描述}{subsubsection.2.5.1}% 41
\BOOKMARK [4][-]{paragraph.2.5.1.2}{端口说明}{subsubsection.2.5.1}% 42
\BOOKMARK [3][-]{subsubsection.2.5.2}{HILO模块}{subsection.2.5}% 43
\BOOKMARK [4][-]{paragraph.2.5.2.1}{功能描述}{subsubsection.2.5.2}% 44
\BOOKMARK [4][-]{paragraph.2.5.2.2}{端口说明}{subsubsection.2.5.2}% 45
\BOOKMARK [2][-]{subsection.2.6}{控制部件}{section.2}% 46
\BOOKMARK [3][-]{subsubsection.2.6.1}{CTRL模块}{subsection.2.6}% 47
\BOOKMARK [4][-]{paragraph.2.6.1.1}{功能描述}{subsubsection.2.6.1}% 48
\BOOKMARK [4][-]{paragraph.2.6.1.2}{端口说明}{subsubsection.2.6.1}% 49
\BOOKMARK [1][-]{section.3}{整体设计}{}% 50
\BOOKMARK [2][-]{subsection.3.1}{CPU整体设计}{section.3}% 51
\BOOKMARK [2][-]{subsection.3.2}{元件例化}{section.3}% 52
\BOOKMARK [2][-]{subsection.3.3}{数据通路图}{section.3}% 53
\BOOKMARK [2][-]{subsection.3.4}{异常处理}{section.3}% 54
\BOOKMARK [1][-]{section.4}{操作系统}{}% 55
\BOOKMARK [2][-]{subsection.4.1}{操作系统的组成}{section.4}% 56
\BOOKMARK [2][-]{subsection.4.2}{操作系统的编译}{section.4}% 57
\BOOKMARK [1][-]{section.5}{调试工具}{}% 58
