Release 14.2 - xst P.28xd (nt64)
Copyright (c) 1995-2012 Xilinx, Inc.  All rights reserved.
--> Parameter TMPDIR set to xst/projnav.tmp


Total REAL time to Xst completion: 0.00 secs
Total CPU time to Xst completion: 0.19 secs
 
--> Parameter xsthdpdir set to xst


Total REAL time to Xst completion: 0.00 secs
Total CPU time to Xst completion: 0.19 secs
 
--> Reading design: cpld.prj

TABLE OF CONTENTS
  1) Synthesis Options Summary
  2) HDL Compilation
  3) Design Hierarchy Analysis
  4) HDL Analysis
  5) HDL Synthesis
     5.1) HDL Synthesis Report
  6) Advanced HDL Synthesis
     6.1) Advanced HDL Synthesis Report
  7) Low Level Synthesis
  8) Partition Report
  9) Final Report

=========================================================================
*                      Synthesis Options Summary                        *
=========================================================================
---- Source Parameters
Input File Name                    : "cpld.prj"
Input Format                       : mixed
Ignore Synthesis Constraint File   : NO

---- Target Parameters
Output File Name                   : "cpld"
Output Format                      : NGC
Target Device                      : XC9500XL CPLDs

---- Source Options
Top Module Name                    : cpld
Automatic FSM Extraction           : YES
FSM Encoding Algorithm             : Auto
Safe Implementation                : No
Mux Extraction                     : Yes
Resource Sharing                   : YES

---- Target Options
Add IO Buffers                     : YES
MACRO Preserve                     : YES
XOR Preserve                       : YES
Equivalent register Removal        : YES

---- General Options
Optimization Goal                  : Speed
Optimization Effort                : 1
Keep Hierarchy                     : Yes
Netlist Hierarchy                  : As_Optimized
RTL Output                         : Yes
Hierarchy Separator                : /
Bus Delimiter                      : <>
Case Specifier                     : Maintain
Verilog 2001                       : YES

---- Other Options
Clock Enable                       : YES
wysiwyg                            : NO

=========================================================================


=========================================================================
*                          HDL Compilation                              *
=========================================================================
Compiling verilog file "../ps2.v" in library work
Compiling verilog file "../cpld.v" in library work
Module <ps2> compiled
Module <cpld> compiled
No errors in compilation
Analysis of file <"cpld.prj"> succeeded.
 

=========================================================================
*                     Design Hierarchy Analysis                         *
=========================================================================
Analyzing hierarchy for module <cpld> in library <work>.

Analyzing hierarchy for module <ps2> in library <work> with parameters.
	READY = "00"
	RECV = "01"
	SEND_HI = "10"
	SEND_LO = "11"


=========================================================================
*                            HDL Analysis                               *
=========================================================================
Analyzing top module <cpld>.
Module <cpld> is correct for synthesis.
 
Analyzing module <ps2> in library <work>.
	READY = 2'b00
	RECV = 2'b01
	SEND_HI = 2'b10
	SEND_LO = 2'b11
Module <ps2> is correct for synthesis.
 

=========================================================================
*                           HDL Synthesis                               *
=========================================================================

Performing bidirectional port resolution...

Synthesizing Unit <ps2>.
    Related source file is "../ps2.v".
    Found 1-bit register for signal <ps2_clk1>.
    Found 1-bit register for signal <ps2_clk2>.
    Found 4-bit register for signal <recv_cnt>.
    Found 4-bit adder for signal <recv_cnt$addsub0000> created at line 63.
    Found 8-bit register for signal <recv_data>.
    Found 2-bit register for signal <state>.
    Found 1-bit xor9 for signal <state$xor0001> created at line 58.
    Summary:
	inferred   2 D-type flip-flop(s).
	inferred   1 Adder/Subtractor(s).
Unit <ps2> synthesized.


Synthesizing Unit <cpld>.
    Related source file is "../cpld.v".
Unit <cpld> synthesized.


=========================================================================
HDL Synthesis Report

Macro Statistics
# Adders/Subtractors                                   : 1
 4-bit adder                                           : 1
# Registers                                            : 5
 1-bit register                                        : 2
 2-bit register                                        : 1
 4-bit register                                        : 1
 8-bit register                                        : 1
# Xors                                                 : 1
 1-bit xor9                                            : 1

=========================================================================

=========================================================================
*                       Advanced HDL Synthesis                          *
=========================================================================


=========================================================================
Advanced HDL Synthesis Report

Macro Statistics
# Adders/Subtractors                                   : 1
 4-bit adder                                           : 1
# Registers                                            : 2
 Flip-Flops                                            : 2
# Xors                                                 : 1
 1-bit xor9                                            : 1

=========================================================================

=========================================================================
*                         Low Level Synthesis                           *
=========================================================================

Optimizing unit <cpld> ...

Optimizing unit <ps2> ...

=========================================================================
*                           Partition Report                            *
=========================================================================

Partition Implementation Status
-------------------------------

  No Partitions were found in this design.

-------------------------------

=========================================================================
*                            Final Report                               *
=========================================================================
Final Results
RTL Top Level Output File Name     : cpld.ngr
Top Level Output File Name         : cpld
Output Format                      : NGC
Optimization Goal                  : Speed
Keep Hierarchy                     : Yes
Target Technology                  : XC9500XL CPLDs
Macro Preserve                     : YES
XOR Preserve                       : YES
Clock Enable                       : YES
wysiwyg                            : NO

Design Statistics
# IOs                              : 13

Cell Usage :
# BELS                             : 118
#      AND2                        : 43
#      AND3                        : 5
#      AND4                        : 2
#      GND                         : 1
#      INV                         : 35
#      OR2                         : 19
#      OR3                         : 1
#      OR4                         : 1
#      XOR2                        : 11
# FlipFlops/Latches                : 16
#      FD                          : 8
#      FDCE                        : 8
# IO Buffers                       : 13
#      IBUF                        : 5
#      OBUF                        : 8
=========================================================================


Total REAL time to Xst completion: 5.00 secs
Total CPU time to Xst completion: 5.22 secs
 
--> 

Total memory usage is 245688 kilobytes

Number of errors   :    0 (   0 filtered)
Number of warnings :    0 (   0 filtered)
Number of infos    :    0 (   0 filtered)

