\BOOKMARK [1][-]{section.1}{引言}{}% 1
\BOOKMARK [2][-]{subsection.1.1}{编写目的}{section.1}% 2
\BOOKMARK [2][-]{subsection.1.2}{背景}{section.1}% 3
\BOOKMARK [2][-]{subsection.1.3}{定义}{section.1}% 4
\BOOKMARK [2][-]{subsection.1.4}{参考资料}{section.1}% 5
\BOOKMARK [1][-]{section.2}{功能需求}{}% 6
\BOOKMARK [2][-]{subsection.2.1}{CPU}{section.2}% 7
\BOOKMARK [3][-]{subsubsection.2.1.1}{ALU}{subsection.2.1}% 8
\BOOKMARK [3][-]{subsubsection.2.1.2}{乘法器}{subsection.2.1}% 9
\BOOKMARK [3][-]{subsubsection.2.1.3}{寄存器堆}{subsection.2.1}% 10
\BOOKMARK [3][-]{subsubsection.2.1.4}{CP0}{subsection.2.1}% 11
\BOOKMARK [3][-]{subsubsection.2.1.5}{异常中断处理}{subsection.2.1}% 12
\BOOKMARK [3][-]{subsubsection.2.1.6}{MMU}{subsection.2.1}% 13
\BOOKMARK [4][-]{paragraph.2.1.6.1}{物理地址划分}{subsubsection.2.1.6}% 14
\BOOKMARK [4][-]{paragraph.2.1.6.2}{虚拟地址划分}{subsubsection.2.1.6}% 15
\BOOKMARK [4][-]{paragraph.2.1.6.3}{TLB}{subsubsection.2.1.6}% 16
\BOOKMARK [2][-]{subsection.2.2}{Ucore}{section.2}% 17
\BOOKMARK [3][-]{subsubsection.2.2.1}{BIOS}{subsection.2.2}% 18
\BOOKMARK [3][-]{subsubsection.2.2.2}{远程文件执行}{subsection.2.2}% 19
\BOOKMARK [2][-]{subsection.2.3}{外设}{section.2}% 20
\BOOKMARK [3][-]{subsubsection.2.3.1}{串口}{subsection.2.3}% 21
\BOOKMARK [3][-]{subsubsection.2.3.2}{VGA}{subsection.2.3}% 22
\BOOKMARK [3][-]{subsubsection.2.3.3}{ps/2键盘}{subsection.2.3}% 23
\BOOKMARK [2][-]{subsection.2.4}{数据通路}{section.2}% 24
\BOOKMARK [1][-]{section.3}{性能需求}{}% 25
\BOOKMARK [1][-]{section.4}{运行环境需求}{}% 26
\BOOKMARK [2][-]{subsection.4.1}{设备}{section.4}% 27
\BOOKMARK [2][-]{subsection.4.2}{控制}{section.4}% 28
\BOOKMARK [1][-]{section.5}{附录}{}% 29
\BOOKMARK [2][-]{subsection.5.1}{指令系统}{section.5}% 30
