Release 14.2 - ngc2edif P.28xd (nt64)
Copyright (c) 1995-2012 Xilinx, Inc.  All rights reserved.
Reading design serial.ngc ...
WARNING:NetListWriters:298 - No output is written to serial.xncf, ignored.
Processing design ...
   Preping design's networks ...
   Preping design's macros ...
WARNING:NetListWriters:306 - Signal bus
   Madd_RxD_data_buffer[7]_GND_4_o_add_7_OUT_cy<5 : 0> on block serial is not
   reconstructed, because there are some missing bus signals.
  finished :Prep
Writing EDIF netlist file serial.edif ...
ngc2edif: Total memory usage is 82008 kilobytes

Release 14.2 - ngc2edif P.28xd (nt64)
Copyright (c) 1995-2012 Xilinx, Inc.  All rights reserved.
Reading design serial.ngc ...
WARNING:NetListWriters:298 - No output is written to serial.xncf, ignored.
Processing design ...
   Preping design's networks ...
   Preping design's macros ...
WARNING:NetListWriters:306 - Signal bus
   u3/tickgen/Madd_GND_7_o_BUS_0793_mux_2_OUT_lut<11 : 4> on block serial is not
   reconstructed, because there are some missing bus signals.
WARNING:NetListWriters:306 - Signal bus u4/tickgen/Madd_n0007_lut<8 : 1> on
   block serial is not reconstructed, because there are some missing bus
   signals.
  finished :Prep
Writing EDIF netlist file serial.edif ...
ngc2edif: Total memory usage is 82712 kilobytes

Release 14.2 - ngc2edif P.28xd (nt64)
Copyright (c) 1995-2012 Xilinx, Inc.  All rights reserved.
Reading design serial.ngc ...
WARNING:NetListWriters:298 - No output is written to serial.xncf, ignored.
Processing design ...
   Preping design's networks ...
   Preping design's macros ...
WARNING:NetListWriters:306 - Signal bus
   u3/tickgen/Madd_GND_7_o_BUS_0793_mux_2_OUT_lut<11 : 4> on block serial is not
   reconstructed, because there are some missing bus signals.
WARNING:NetListWriters:306 - Signal bus u4/tickgen/Madd_n0007_lut<8 : 1> on
   block serial is not reconstructed, because there are some missing bus
   signals.
  finished :Prep
Writing EDIF netlist file serial.edif ...
ngc2edif: Total memory usage is 81752 kilobytes

Release 14.2 - ngc2edif P.28xd (nt64)
Copyright (c) 1995-2012 Xilinx, Inc.  All rights reserved.
Reading design serial.ngc ...
WARNING:NetListWriters:298 - No output is written to serial.xncf, ignored.
Processing design ...
   Preping design's networks ...
   Preping design's macros ...
WARNING:NetListWriters:306 - Signal bus
   u3/tickgen/Madd_GND_7_o_BUS_0793_mux_2_OUT_lut<11 : 4> on block serial is not
   reconstructed, because there are some missing bus signals.
WARNING:NetListWriters:306 - Signal bus u4/tickgen/Madd_n0007_lut<8 : 1> on
   block serial is not reconstructed, because there are some missing bus
   signals.
  finished :Prep
Writing EDIF netlist file serial.edif ...
ngc2edif: Total memory usage is 82136 kilobytes

Release 14.2 - ngc2edif P.28xd (nt64)
Copyright (c) 1995-2012 Xilinx, Inc.  All rights reserved.
Reading design serial.ngc ...
WARNING:NetListWriters:298 - No output is written to serial.xncf, ignored.
Processing design ...
   Preping design's networks ...
   Preping design's macros ...
WARNING:NetListWriters:306 - Signal bus
   u3/tickgen/Madd_GND_7_o_BUS_0793_mux_2_OUT_lut<11 : 4> on block serial is not
   reconstructed, because there are some missing bus signals.
WARNING:NetListWriters:306 - Signal bus u4/tickgen/Madd_n0007_lut<8 : 1> on
   block serial is not reconstructed, because there are some missing bus
   signals.
  finished :Prep
Writing EDIF netlist file serial.edif ...
ngc2edif: Total memory usage is 82136 kilobytes

